<?xml version="1.0" encoding="UTF-8"?>
<!-- Generated by org.testng.reporters.JUnitReportReporter -->
<testsuite hostname="mauricio-Latitude-E6430" failures="0" tests="4" name="ApiExampleProjectTestRunner" time="5.577" errors="0" timestamp="19 May 2020 22:35:23 GMT" skipped="0">
  <testcase classname="ApiExampleProjectTestRunner" name="runScenario" time="0.458"/>
  <testcase classname="ApiExampleProjectTestRunner" name="runScenario" time="3.963"/>
  <testcase classname="ApiExampleProjectTestRunner" name="runScenario" time="0.923"/>
  <testcase classname="ApiExampleProjectTestRunner" name="runScenario" time="0.233"/>
</testsuite> <!-- ApiExampleProjectTestRunner -->
